<?xml version="1.0" encoding="UTF-8"?>
<robot generator="Robot 3.1.1 (Python 3.7.2 on win32)" generated="20190119 20:08:33.801" rpa="false">
<suite id="s1" name="PythonResourceKeywords" source="C:\Users\user\PycharmProjects\RobotAutomation\TestCases\PythonResourceKeywords.robot">
<test id="s1-t1" name="Creating Folder in E drive using Robot Framework">
<kw name="Start Browser and Maximize" library="PythonResource" type="setup">
<kw name="Open Browser" library="SeleniumLibrary">
<doc>Opens a new browser instance to the given ``url``.</doc>
<arguments>
<arg>${URL}</arg>
<arg>${Browser}</arg>
</arguments>
<msg timestamp="20190119 20:08:37.545" level="INFO">Opening browser 'Chrome' to base url 'http://www.thetestingworld.com/testings'.</msg>
<status status="PASS" starttime="20190119 20:08:37.545" endtime="20190119 20:08:47.197"></status>
</kw>
<kw name="Maximize Browser Window" library="SeleniumLibrary">
<doc>Maximizes current browser window.</doc>
<status status="PASS" starttime="20190119 20:08:47.197" endtime="20190119 20:08:48.348"></status>
</kw>
<status status="PASS" starttime="20190119 20:08:37.541" endtime="20190119 20:08:48.348"></status>
</kw>
<kw name="Concatenate Username and password" library="PythonResource">
<arguments>
<arg>Testing</arg>
<arg>World</arg>
</arguments>
<kw name="Concatenate Two Values" library="UserKeywords">
<arguments>
<arg>${username}</arg>
<arg>${password}</arg>
</arguments>
<assign>
<var>${resultVal}</var>
</assign>
<msg timestamp="20190119 20:08:48.352" level="INFO">${resultVal} = Testing World</msg>
<status status="PASS" starttime="20190119 20:08:48.348" endtime="20190119 20:08:48.352"></status>
</kw>
<kw name="Log" library="BuiltIn">
<doc>Logs the given message with the given level.</doc>
<arguments>
<arg>${resultVal}</arg>
</arguments>
<msg timestamp="20190119 20:08:48.352" level="INFO">Testing World</msg>
<status status="PASS" starttime="20190119 20:08:48.352" endtime="20190119 20:08:48.352"></status>
</kw>
<status status="PASS" starttime="20190119 20:08:48.348" endtime="20190119 20:08:48.352"></status>
</kw>
<kw name="Close Browser Window" library="PythonResource" type="teardown">
<kw name="Close Browser" library="SeleniumLibrary">
<doc>Closes the current browser.</doc>
<status status="PASS" starttime="20190119 20:08:48.352" endtime="20190119 20:08:56.068"></status>
</kw>
<status status="PASS" starttime="20190119 20:08:48.352" endtime="20190119 20:08:56.068"></status>
</kw>
<status status="PASS" starttime="20190119 20:08:37.541" endtime="20190119 20:08:56.068" critical="yes"></status>
</test>
<doc>Implementation of using common python resource keyword file</doc>
<status status="PASS" starttime="20190119 20:08:33.805" endtime="20190119 20:08:56.076"></status>
</suite>
<statistics>
<total>
<stat pass="1" fail="0">Critical Tests</stat>
<stat pass="1" fail="0">All Tests</stat>
</total>
<tag>
</tag>
<suite>
<stat pass="1" fail="0" id="s1" name="PythonResourceKeywords">PythonResourceKeywords</stat>
</suite>
</statistics>
<errors>
</errors>
</robot>
